<?xml version="1.0" encoding="UTF-8"?>
<!-- Generated by org.testng.reporters.JUnitReportReporter -->
<testsuite hostname="THRINATH" failures="0" tests="1" name="TestNG.jawa" time="23.832" errors="0" timestamp="2024-10-19T11:22:32 IST" skipped="0">
  <testcase classname="TestNG.jawa" name="launch" time="23.832"/>
  <system-out>
    <![CDATA[Jawa 42 launched]]>
  </system-out>
</testsuite> <!-- TestNG.jawa -->
