<?xml version="1.0" encoding="UTF-8"?>
<!-- Generated by org.testng.reporters.JUnitReportReporter -->
<testsuite hostname="THRINATH" failures="0" tests="1" name="TestNG.Yamaha" time="9.058" errors="0" timestamp="2024-10-19T11:25:56 IST" skipped="0">
  <testcase classname="TestNG.Yamaha" name="launch" time="9.058"/>
  <system-out>
    <![CDATA[Yamaha v4 launched]]>
  </system-out>
</testsuite> <!-- TestNG.Yamaha -->
