<?xml version="1.0" encoding="UTF-8"?>
<!-- Generated by org.testng.reporters.JUnitReportReporter -->
<testsuite hostname="THRINATH" failures="0" tests="1" name="TestNG.mgComet" time="5.529" errors="0" timestamp="2024-10-19T11:26:37 IST" skipped="0">
  <testcase classname="TestNG.mgComet" name="launch" time="5.529"/>
  <system-out>
    <![CDATA[COmet launched]]>
  </system-out>
</testsuite> <!-- TestNG.mgComet -->
