<?xml version="1.0" encoding="UTF-8"?>
<!-- Generated by org.testng.reporters.JUnitReportReporter -->
<testsuite hostname="THRINATH" failures="0" tests="3" name="TestNG.ToLearnTestNg" time="0.011" errors="0" timestamp="2024-10-17T12:56:04 IST" skipped="0">
  <testcase classname="TestNG.ToLearnTestNg" name="demo" time="0.001"/>
  <system-out>
    <![CDATA[Welcome to advance selenium]]>
  </system-out>
  <testcase classname="TestNG.ToLearnTestNg" name="sample" time="0.002"/>
  <system-out>
    <![CDATA[sample testcase executed]]>
  </system-out>
  <testcase classname="TestNG.ToLearnTestNg" name="add" time="0.008"/>
  <system-out>
    <![CDATA[add testcase executed]]>
  </system-out>
</testsuite> <!-- TestNG.ToLearnTestNg -->
