<?xml version="1.0" encoding="UTF-8"?>
<!-- Generated by org.testng.reporters.JUnitReportReporter -->
<testsuite hostname="THRINATH" failures="0" tests="1" name="TestNG.Ducatiscrambler" time="3.146" errors="0" timestamp="2024-10-19T11:26:37 IST" skipped="0">
  <testcase classname="TestNG.Ducatiscrambler" name="launch" time="3.146"/>
  <system-out>
    <![CDATA[Scrambler launched]]>
  </system-out>
</testsuite> <!-- TestNG.Ducatiscrambler -->
