<?xml version="1.0" encoding="UTF-8"?>
<!-- Generated by org.testng.reporters.JUnitReportReporter -->
<testsuite hostname="THRINATH" failures="0" tests="4" name="com.Assignments2.demoWebShopDataProvider" time="21.256" errors="0" timestamp="2024-10-25T11:15:15 IST" skipped="0">
  <testcase classname="com.Assignments2.demoWebShopDataProvider" name="login" time="6.626"/>
  <system-out>
    <![CDATA[HP loaded]]>
  </system-out>
  <testcase classname="com.Assignments2.demoWebShopDataProvider" name="login" time="4.579"/>
  <system-out>
    <![CDATA[HP loaded]]>
  </system-out>
  <testcase classname="com.Assignments2.demoWebShopDataProvider" name="login" time="5.596"/>
  <system-out>
    <![CDATA[HP loaded]]>
  </system-out>
  <testcase classname="com.Assignments2.demoWebShopDataProvider" name="login" time="4.455"/>
  <system-out>
    <![CDATA[HP loaded]]>
  </system-out>
</testsuite> <!-- com.Assignments2.demoWebShopDataProvider -->
