<?xml version="1.0" encoding="UTF-8"?>
<!-- Generated by org.testng.reporters.JUnitReportReporter -->
<testsuite hostname="THRINATH" failures="0" tests="3" name="TestNgAssignment.ElectronicsTNg" time="6.719" errors="0" timestamp="2024-10-29T12:14:22 IST" skipped="0">
  <testcase classname="TestNgAssignment.ElectronicsTNg" name="clickelectronic" time="2.913"/>
  <system-out>
    <![CDATA[Electronics page loaded]]>
  </system-out>
  <testcase classname="TestNgAssignment.ElectronicsTNg" name="clickelectronic" time="1.982"/>
  <system-out>
    <![CDATA[Electronics page loaded]]>
  </system-out>
  <testcase classname="TestNgAssignment.ElectronicsTNg" name="clickelectronic" time="1.824"/>
  <system-out>
    <![CDATA[Electronics page loaded]]>
  </system-out>
</testsuite> <!-- TestNgAssignment.ElectronicsTNg -->
