<?xml version="1.0" encoding="UTF-8"?>
<!-- Generated by org.testng.reporters.JUnitReportReporter -->
<testsuite hostname="THRINATH" failures="0" tests="1" name="TestNG.Honda" time="28.341" errors="0" timestamp="2024-10-19T11:25:56 IST" skipped="0">
  <testcase classname="TestNG.Honda" name="launch" time="28.341"/>
  <system-out>
    <![CDATA[Africa Twin launched]]>
  </system-out>
</testsuite> <!-- TestNG.Honda -->
