<?xml version="1.0" encoding="UTF-8"?>
<!-- Generated by org.testng.reporters.JUnitReportReporter -->
<testsuite hostname="THRINATH" failures="0" tests="3" name="TestNgAssignment.BooksTNg" time="6.519" errors="0" timestamp="2024-10-29T12:14:21 IST" skipped="0">
  <testcase classname="TestNgAssignment.BooksTNg" name="clickbooks" time="1.954"/>
  <system-out>
    <![CDATA[Books page loaded]]>
  </system-out>
  <testcase classname="TestNgAssignment.BooksTNg" name="clickbooks" time="2.382"/>
  <system-out>
    <![CDATA[Books page loaded]]>
  </system-out>
  <testcase classname="TestNgAssignment.BooksTNg" name="clickbooks" time="2.183"/>
  <system-out>
    <![CDATA[Books page loaded]]>
  </system-out>
</testsuite> <!-- TestNgAssignment.BooksTNg -->
