<?xml version="1.0" encoding="UTF-8"?>
<!-- Generated by org.testng.reporters.JUnitReportReporter -->
<testsuite hostname="THRINATH" failures="0" tests="1" name="TestNG.LandroverDiscovery" time="6.371" errors="0" timestamp="2024-10-19T11:26:37 IST" skipped="0">
  <testcase classname="TestNG.LandroverDiscovery" name="launch" time="6.371"/>
  <system-out>
    <![CDATA[discovery launched]]>
  </system-out>
</testsuite> <!-- TestNG.LandroverDiscovery -->
