<?xml version="1.0" encoding="UTF-8"?>
<!-- Generated by org.testng.reporters.JUnitReportReporter -->
<testsuite hostname="THRINATH" failures="0" tests="6" name="com.Assignments2.TestNGFirstAssign" time="0.028" errors="0" timestamp="2024-10-18T11:22:35 IST" skipped="0">
  <testcase classname="com.Assignments2.TestNGFirstAssign" name="EditAccount" time="0.004"/>
  <system-out/>
  <testcase classname="com.Assignments2.TestNGFirstAssign" name="CreateAccount" time="0.001"/>
  <system-out/>
  <testcase classname="com.Assignments2.TestNGFirstAssign" name="EditAccount" time="0.002"/>
  <system-out/>
  <testcase classname="com.Assignments2.TestNGFirstAssign" name="CreateAccount" time="0.016"/>
  <system-out/>
  <testcase classname="com.Assignments2.TestNGFirstAssign" name="EditAccount" time="0.003"/>
  <system-out/>
  <testcase classname="com.Assignments2.TestNGFirstAssign" name="DeleteAccount" time="0.002"/>
  <system-out/>
</testsuite> <!-- com.Assignments2.TestNGFirstAssign -->
