<?xml version="1.0" encoding="UTF-8"?>
<!-- Generated by org.testng.reporters.JUnitReportReporter -->
<testsuite hostname="THRINATH" failures="0" tests="1" name="TestNG.TestScript" time="3.357" errors="0" timestamp="2024-10-26T13:38:34 IST" skipped="0">
  <testcase classname="TestNG.TestScript" name="clickOnBooks" time="3.357"/>
  <system-out>
    <![CDATA[Books page dispalyed]]>
  </system-out>
</testsuite> <!-- TestNG.TestScript -->
