<?xml version="1.0" encoding="UTF-8"?>
<!-- Generated by org.testng.reporters.JUnitReportReporter -->
<testsuite hostname="THRINATH" failures="0" tests="1" name="com.Assignments2.hardAssert" time="13.200" errors="0" timestamp="2024-10-24T11:22:50 IST" skipped="0">
  <testcase classname="com.Assignments2.hardAssert" name="launch" time="13.200"/>
  <system-out>
    <![CDATA[Hp loaded
Lp loaded
Lname displayed
'ACCOUNT DELETED!' is visible]]>
  </system-out>
</testsuite> <!-- com.Assignments2.hardAssert -->
