<?xml version="1.0" encoding="UTF-8"?>
<!-- Generated by org.testng.reporters.JUnitReportReporter -->
<testsuite hostname="THRINATH" failures="0" tests="5" name="TestNG.AnnotationAttributes" time="15.621" errors="0" timestamp="2024-10-17T13:55:49 IST" skipped="1">
  <testcase classname="TestNG.AnnotationAttributes" name="Register" time="4.220"/>
  <system-out>
    <![CDATA[register is successfull]]>
  </system-out>
  <testcase classname="TestNG.AnnotationAttributes" name="Register" time="4.099"/>
  <system-out>
    <![CDATA[register is successfull]]>
  </system-out>
  <testcase classname="TestNG.AnnotationAttributes" name="Register" time="4.264"/>
  <system-out>
    <![CDATA[register is successfull]]>
  </system-out>
  <testcase classname="TestNG.AnnotationAttributes" name="Register" time="3.038"/>
  <system-out>
    <![CDATA[register is successfull]]>
  </system-out>
  <testcase classname="TestNG.AnnotationAttributes" name="login">
    <skipped/>
  </testcase> <!-- login -->
  <system-out/>
</testsuite> <!-- TestNG.AnnotationAttributes -->
