<?xml version="1.0" encoding="UTF-8"?>
<!-- Generated by org.testng.reporters.JUnitReportReporter -->
<testsuite hostname="THRINATH" failures="0" tests="1" name="Assertion.JavaConditions" time="184.052" errors="0" timestamp="2024-10-23T13:22:07 IST" skipped="0">
  <testcase classname="Assertion.JavaConditions" name="login" time="184.052"/>
  <system-out>
    <![CDATA[WP displayed
LP displayed
HP displayed]]>
  </system-out>
</testsuite> <!-- Assertion.JavaConditions -->
