<?xml version="1.0" encoding="UTF-8"?>
<!-- Generated by org.testng.reporters.JUnitReportReporter -->
<testsuite hostname="THRINATH" failures="0" tests="2" name="TestNG.cofigurationAnnotations" time="0.007" errors="0" timestamp="2024-10-19T13:44:30 IST" skipped="0">
  <testcase classname="TestNG.cofigurationAnnotations" name="sample" time="0.001"/>
  <system-out>
    <![CDATA[Test Sample]]>
  </system-out>
  <testcase classname="TestNG.cofigurationAnnotations" name="demo" time="0.006"/>
  <system-out>
    <![CDATA[@test demo test case executed]]>
  </system-out>
</testsuite> <!-- TestNG.cofigurationAnnotations -->
