<?xml version="1.0" encoding="UTF-8"?>
<!-- Generated by org.testng.reporters.JUnitReportReporter -->
<testsuite hostname="THRINATH" failures="0" tests="5" name="TestNG.AnnotationAttributes" time="43.900" errors="0" timestamp="2024-12-03T17:20:04 IST" skipped="1">
  <testcase classname="TestNG.AnnotationAttributes" name="Register" time="3.676"/>
  <system-out>
    <![CDATA[register is successfull]]>
  </system-out>
  <testcase classname="TestNG.AnnotationAttributes" name="Register" time="15.439"/>
  <system-out>
    <![CDATA[register is successfull]]>
  </system-out>
  <testcase classname="TestNG.AnnotationAttributes" name="Register" time="12.065"/>
  <system-out>
    <![CDATA[register is successfull]]>
  </system-out>
  <testcase classname="TestNG.AnnotationAttributes" name="Register" time="12.720"/>
  <system-out>
    <![CDATA[register is successfull]]>
  </system-out>
  <testcase classname="TestNG.AnnotationAttributes" name="login">
    <skipped/>
  </testcase> <!-- login -->
  <system-out/>
</testsuite> <!-- TestNG.AnnotationAttributes -->
