<?xml version="1.0" encoding="UTF-8"?>
<!-- Generated by org.testng.reporters.JUnitReportReporter -->
<testsuite hostname="THRINATH" failures="0" tests="1" name="crossbrowsertesting.ToLearnCrossBrowserTesting" time="5.691" errors="0" timestamp="2024-10-25T13:41:16 IST" skipped="0">
  <testcase classname="crossbrowsertesting.ToLearnCrossBrowserTesting" name="launch" time="5.691"/>
  <system-out/>
</testsuite> <!-- crossbrowsertesting.ToLearnCrossBrowserTesting -->
