<?xml version="1.0" encoding="UTF-8"?>
<!-- Generated by org.testng.reporters.JUnitReportReporter -->
<testsuite hostname="THRINATH" failures="0" tests="1" name="Assertion.ToLearnSoftAssert" time="7.078" errors="0" timestamp="2024-10-23T13:53:59 IST" skipped="0">
  <testcase classname="Assertion.ToLearnSoftAssert" name="login" time="7.078"/>
  <system-out>
    <![CDATA[WP is displayed
LP is displayed
HP is displayed]]>
  </system-out>
</testsuite> <!-- Assertion.ToLearnSoftAssert -->
